Performing C SOURCE FILE Test CMAKE_HAVE_LIBC_PTHREAD failed with the following output:
Change Dir: /home/egerrmann/OS labs/Multithreading/Linux/cmake-build-debug/CMakeFiles/CMakeTmp

Run Build Command(s):/home/egerrmann/Downloads/CLion-2021.3.3/clion-2021.3.3/bin/ninja/linux/ninja cmTC_a94cb && [1/2] Building C object CMakeFiles/cmTC_a94cb.dir/src.c.o
[2/2] Linking C executable cmTC_a94cb
FAILED: cmTC_a94cb 
: && /usr/bin/cc   CMakeFiles/cmTC_a94cb.dir/src.c.o -o cmTC_a94cb   && :
/usr/bin/ld: CMakeFiles/cmTC_a94cb.dir/src.c.o: in function `main':
src.c:(.text+0x46): undefined reference to `pthread_create'
/usr/bin/ld: src.c:(.text+0x52): undefined reference to `pthread_detach'
/usr/bin/ld: src.c:(.text+0x5e): undefined reference to `pthread_cancel'
/usr/bin/ld: src.c:(.text+0x6f): undefined reference to `pthread_join'
collect2: error: ld returned 1 exit status
ninja: build stopped: subcommand failed.


Source file was:
#include <pthread.h>

static void* test_func(void* data)
{
  return data;
}

int main(void)
{
  pthread_t thread;
  pthread_create(&thread, NULL, test_func, NULL);
  pthread_detach(thread);
  pthread_cancel(thread);
  pthread_join(thread, NULL);
  pthread_atfork(NULL, NULL, NULL);
  pthread_exit(NULL);

  return 0;
}

